<?xml version="1.0" encoding="UTF-8"?>
<testng-results ignored="0" total="1" passed="1" failed="0" skipped="0">
  <reporter-output>
  </reporter-output>
  <suite started-at="2024-11-07T16:40:27 EET" name="Default suite" finished-at="2024-11-07T16:40:34 EET" duration-ms="7631">
    <groups>
    </groups>
    <test started-at="2024-11-07T16:40:27 EET" name="Default test" finished-at="2024-11-07T16:40:34 EET" duration-ms="7631">
      <class name="MyAcademy.ExtentReports.ExtentReportDemo">
        <test-method is-config="true" signature="config()[pri:0, instance:MyAcademy.ExtentReports.ExtentReportDemo@7b50df34]" started-at="2024-11-07T16:40:27 EET" name="config" finished-at="2024-11-07T16:40:27 EET" duration-ms="141" status="PASS">
          <reporter-output>
          </reporter-output>
        </test-method> <!-- config -->
        <test-method signature="initialDemo()[pri:0, instance:MyAcademy.ExtentReports.ExtentReportDemo@7b50df34]" started-at="2024-11-07T16:40:27 EET" name="initialDemo" finished-at="2024-11-07T16:40:34 EET" duration-ms="7450" status="PASS">
          <reporter-output>
          </reporter-output>
        </test-method> <!-- initialDemo -->
      </class> <!-- MyAcademy.ExtentReports.ExtentReportDemo -->
    </test> <!-- Default test -->
  </suite> <!-- Default suite -->
</testng-results>
